<?xml version="1.0" ?>
<coverage version="7.10.3" timestamp="1755370745911" lines-valid="0" lines-covered="0" line-rate="1" branches-covered="0" branches-valid="0" branch-rate="0" complexity="0">
	<!-- Generated by coverage.py: https://coverage.readthedocs.io/en/7.10.3 -->
	<!-- Based on https://raw.githubusercontent.com/cobertura/web/master/htdocs/xml/coverage-04.dtd -->
	<sources>
		<source>/home/gourav/ai/src</source>
	</sources>
	<packages>
		<package name="backtesting" line-rate="1" branch-rate="0" complexity="0">
			<classes>
				<class name="__init__.py" filename="backtesting/__init__.py" complexity="0" line-rate="1" branch-rate="0">
					<methods/>
					<lines/>
				</class>
			</classes>
		</package>
		<package name="trading" line-rate="1" branch-rate="0" complexity="0">
			<classes>
				<class name="__init__.py" filename="trading/__init__.py" complexity="0" line-rate="1" branch-rate="0">
					<methods/>
					<lines/>
				</class>
			</classes>
		</package>
	</packages>
</coverage>
